<?xml version="1.0" encoding="UTF-8"?>
<!-- Generated by org.testng.reporters.JUnitReportReporter -->
<testsuite hostname="WIN-94E06505" failures="0" tests="6" name="com.pages.test.SignupPageTest" time="9.909" errors="0" timestamp="2022-10-24T20:28:47 EDT" skipped="0">
  <testcase classname="com.pages.test.SignupPageTest" name="verifySignupFormTitle" time="0.845"/>
  <system-out/>
  <testcase classname="com.pages.test.SignupPageTest" name="SignupFormWithValidData" time="2.186"/>
  <system-out/>
  <testcase classname="com.pages.test.SignupPageTest" name="SignupFormWithExixtingUsername" time="2.113"/>
  <system-out/>
  <testcase classname="com.pages.test.SignupPageTest" name="SignupFormWithBlankFirstName" time="1.649"/>
  <system-out/>
  <testcase classname="com.pages.test.SignupPageTest" name="SignupFormWithBlankSurname" time="1.595"/>
  <system-out/>
  <testcase classname="com.pages.test.SignupPageTest" name="SignupFormWithBlankFirstNameAndSurname" time="1.521"/>
  <system-out/>
</testsuite> <!-- com.pages.test.SignupPageTest -->
